Flutter crash report.
Please report a bug at https://github.com/flutter/flutter/issues.

## command

flutter run --machine --start-paused -d windows --devtools-server-address http://127.0.0.1:9100/ --target C:\Users\overj\OneDrive\เดสก์ท็อป\focus_zoo\focus_zoo\lib\main.dart

## exception

PathAccessException: PathAccessException: Cannot open file, path = 'C:\Users\overj\OneDrive\เดสก์ท็อป\focus_zoo\focus_zoo\ios\Runner\GeneratedPluginRegistrant.h' (OS Error: The process cannot access the file because it is being used by another process.
, errno = 32)

```
#0      _checkForErrorResponse (dart:io/common.dart:58:9)
#1      _File.open.<anonymous closure> (dart:io/file_impl.dart:441:7)
#2      _rootRunUnary (dart:async/zone.dart:1538:47)
#3      _CustomZone.runUnary (dart:async/zone.dart:1429:19)
<asynchronous suspension>
#4      _File.writeAsBytes.<anonymous closure> (dart:io/file_impl.dart:731:34)
<asynchronous suspension>
#5      ForwardingFile.writeAsString (package:file/src/forwarding/forwarding_file.dart:136:12)
<asynchronous suspension>
#6      ErrorHandlingFile.writeAsString.<anonymous closure> (package:flutter_tools/src/base/error_handling_io.dart:238:9)
<asynchronous suspension>
#7      _run (package:flutter_tools/src/base/error_handling_io.dart:511:12)
<asynchronous suspension>
#8      _renderTemplateToFile (package:flutter_tools/src/flutter_plugins.dart:41:3)
<asynchronous suspension>
#9      _writeIOSPluginRegistrant (package:flutter_tools/src/flutter_plugins.dart:792:3)
<asynchronous suspension>
#10     injectPlugins (package:flutter_tools/src/flutter_plugins.dart:1268:5)
<asynchronous suspension>
#11     FlutterProject.ensureReadyForPlatformSpecificTooling (package:flutter_tools/src/project.dart:398:5)
<asynchronous suspension>
#12     FlutterCommand.regeneratePlatformSpecificToolingIfApplicable (package:flutter_tools/src/runner/flutter_command.dart:1941:5)
<asynchronous suspension>
#13     FlutterCommand.verifyThenRunCommand (package:flutter_tools/src/runner/flutter_command.dart:1897:7)
<asynchronous suspension>
#14     FlutterCommand.run.<anonymous closure> (package:flutter_tools/src/runner/flutter_command.dart:1563:27)
<asynchronous suspension>
#15     AppContext.run.<anonymous closure> (package:flutter_tools/src/base/context.dart:154:19)
<asynchronous suspension>
#16     CommandRunner.runCommand (package:args/command_runner.dart:212:13)
<asynchronous suspension>
#17     FlutterCommandRunner.runCommand.<anonymous closure> (package:flutter_tools/src/runner/flutter_command_runner.dart:494:9)
<asynchronous suspension>
#18     AppContext.run.<anonymous closure> (package:flutter_tools/src/base/context.dart:154:19)
<asynchronous suspension>
#19     FlutterCommandRunner.runCommand (package:flutter_tools/src/runner/flutter_command_runner.dart:431:5)
<asynchronous suspension>
#20     run.<anonymous closure>.<anonymous closure> (package:flutter_tools/runner.dart:98:11)
<asynchronous suspension>
#21     AppContext.run.<anonymous closure> (package:flutter_tools/src/base/context.dart:154:19)
<asynchronous suspension>
#22     main (package:flutter_tools/executable.dart:102:3)
<asynchronous suspension>
```

## flutter doctor

```
[!] Flutter (Channel stable, 3.32.1, on Microsoft Windows [Version 10.0.26100.4061], locale en-US) [119ms]
    • Flutter version 3.32.1 on channel stable at C:\Users\overj\Downloads\flutter
    ! The flutter binary is not on your path. Consider adding C:\Users\overj\Downloads\flutter\bin to your path.
    ! The dart binary is not on your path. Consider adding C:\Users\overj\Downloads\flutter\bin to your path.
    • Upstream repository https://github.com/flutter/flutter.git
    • Framework revision b25305a883 (5 days ago), 2025-05-29 10:40:06 -0700
    • Engine revision 1425e5e9ec
    • Dart version 3.8.1
    • DevTools version 2.45.1
    • If those were intentional, you can disregard the above warnings; however it is recommended to use "git" directly to perform update checks and upgrades.

[✓] Windows Version (Windows 11 or higher, 24H2, 2009) [630ms]

[✗] Android toolchain - develop for Android devices [12ms]
    ✗ Unable to locate Android SDK.
      Install Android Studio from: https://developer.android.com/studio/index.html
      On first launch it will assist you in installing the Android SDK components.
      (or visit https://flutter.dev/to/windows-android-setup for detailed instructions).
      If the Android SDK has been installed to a custom location, please use
      `flutter config --android-sdk` to update to that location.


[✗] Chrome - develop for the web (Cannot find Chrome executable at .\Google\Chrome\Application\chrome.exe) [8ms]
    ! Cannot find Chrome. Try setting CHROME_EXECUTABLE to a Chrome executable.

[✗] Visual Studio - develop Windows apps [7ms]
    ✗ Visual Studio not installed; this is necessary to develop Windows apps.
      Download at https://visualstudio.microsoft.com/downloads/.
      Please install the "Desktop development with C++" workload, including all of its default components

[!] Android Studio (not installed) [6ms]
    • Android Studio not found; download from https://developer.android.com/studio/index.html
      (or visit https://flutter.dev/to/windows-android-setup for detailed instructions).

[✓] VS Code (version 1.100.3) [6ms]
    • VS Code at C:\Users\overj\AppData\Local\Programs\Microsoft VS Code
    • Flutter extension version 3.112.0

[✓] Connected device (2 available) [26ms]
    • Windows (desktop) • windows • windows-x64    • Microsoft Windows [Version 10.0.26100.4061]
    • Edge (web)        • edge    • web-javascript • Microsoft Edge 136.0.3240.92

[✓] Network resources [1,265ms]
    • All expected network resources are available.

! Doctor found issues in 5 categories.
```
